let testData = 
[
    {
      type: "TestSession",
      time: 1598085525962,
      phase: "Complete",
      version: 2,
      processId: 27259,
      errors: ["One or more child steps have failed"],
      minimalCommandLine: ["--suite=editor", "--testproject=Camera"],
      duration: 16146,
      artifacts: [
        "../../var/folders/8f/zfz56x4n7gqd4qbfmc994brm0000gp/T/qGPL0jRJlj/TestRunnerLog.txt",
      ],
      summary: {
        success: false,
        time: 0,
        inconclusiveCount: 0,
        testsCount: 11,
        errorCount: 0,
        ignoredCount: 0,
        notRunCount: 0,
        failedCount: 1,
        skippedCount: 0,
        successCount: 10,
        suitesCount: 1,
        compilationErrorsCount: 0,
        otherErrorsCount: 0,
        failureConclusion:
          "FAILURE REASON: One or more tests have failed.",
        successConclusion: "",
        instabilityCount: 0,
        nonTestRelatedInstabilityCount: 0,
        unstableTestNames: [],
      },
      buildOnly: false,
      utrPrefix: "./utr.pl",
      index: 0,
      children: [
        {
          index: 1,
        },
        {
          index: 2,
        },
        {
          index: 29,
        },
      ],
    },
    {
      type: "ArtifactPublish",
      time: 1598085509866,
      version: 2,
      phase: "Immediate",
      processId: 27259,
      errors: [],
      destination:
        "../../var/folders/8f/zfz56x4n7gqd4qbfmc994brm0000gp/T/qGPL0jRJlj/TestRunnerLog.txt",
      artifacts: [],
      index: 1,
      children: [],
    },
    {
      type: "TestSuite",
      time: 1598085525346,
      phase: "Complete",
      version: 2,
      processId: 27259,
      errors: [
        "One or more child steps have failed",
        "Editor exited with non-zero exit code: 2",
      ],
      name: "editor",
      scope: "Tests/EditModeAndPlayModeTests/Camera",
      platform: "Editor",
      supportsFilters: true,
      minimalCommandLine: ["--suite=editor"],
      projectPath:
        "/Users/yan/unity/unity/Tests/EditModeAndPlayModeTests/Camera",
      isRerun: false,
      duration: 14265,
      artifacts: [
        "../../var/folders/8f/zfz56x4n7gqd4qbfmc994brm0000gp/T/qGPL0jRJlj/editor/Tests/EditModeAndPlayModeTests/Camera/UnityLog.txt",
        "../../var/folders/8f/zfz56x4n7gqd4qbfmc994brm0000gp/T/qGPL0jRJlj/editor/Tests/EditModeAndPlayModeTests/Camera/UpmLog.txt",
      ],
      summary: {
        failureReasons: [
          "One or more child steps have failed",
          "Editor exited with non-zero exit code: 2",
          "FAILURE REASON: One or more tests have failed.",
        ],
        compilationErrorsCount: 0,
        instabilityCount: 0,
        time: 2884,
        inconclusiveCount: 0,
        testsCount: 11,
        errorCount: 0,
        ignoredCount: 0,
        notRunCount: 0,
        failedCount: 1,
        skippedCount: 0,
        successCount: 10,
        result: 6,
      },
      index: 2,
      children: [
        {
          index: 3,
        },
        {
          index: 4,
        },
        {
          index: 5,
        },
        {
          index: 6,
        },
        {
          index: 7,
        },
        {
          index: 8,
        },
        {
          index: 9,
        },
        {
          index: 10,
        },
        {
          index: 11,
        },
        {
          index: 12,
        },
        {
          index: 27,
        },
        {
          index: 28,
        },
      ],
    },
    {
      type: "Info",
      time: 1598085511094,
      version: 2,
      phase: "Immediate",
      processId: 27259,
      errors: [],
      message: "Launching executable, Debugging Time 10:38:31.0905220",
      artifacts: [],
      index: 3,
      children: [],
    },
    {
      type: "Info",
      time: 1598085511094,
      version: 2,
      phase: "Immediate",
      processId: 27259,
      errors: [],
      message:
        "Launching executable: /Users/yan/unity/unity/build/MacEditor/Unity.app/Contents/MacOS/Unity",
      artifacts: [],
      index: 4,
      children: [],
    },
    {
      type: "Info",
      time: 1598085511096,
      version: 2,
      phase: "Immediate",
      processId: 27259,
      errors: [],
      message: "Ensuring no Unity processes are already running.",
      artifacts: [],
      index: 5,
      children: [],
    },
    {
      type: "Info",
      time: 1598085511098,
      version: 2,
      phase: "Immediate",
      processId: 27259,
      errors: [],
      message: "Executing /bin/ps axc -o pid,state,command",
      artifacts: [],
      index: 6,
      children: [],
    },
    {
      type: "Info",
      time: 1598085511148,
      version: 2,
      phase: "Immediate",
      processId: 27259,
      errors: [],
      message:
        "'/bin/ps axc -o pid,state,command' (27262) has exited with code 0.",
      artifacts: [],
      index: 7,
      children: [],
    },
    {
      type: "Info",
      time: 1598085511158,
      version: 2,
      phase: "Immediate",
      processId: 27259,
      errors: [],
      message: "Successfully started MacroClientServer on port 9001",
      artifacts: [],
      index: 8,
      children: [],
    },
    {
      type: "Info",
      time: 1598085511161,
      version: 2,
      phase: "Immediate",
      processId: 27259,
      errors: [],
      message:
        "Starting editor at: /Users/yan/unity/unity/build/MacEditor/Unity.app/Contents/MacOS/Unity",
      artifacts: [],
      index: 9,
      children: [],
    },
    {
      type: "Info",
      time: 1598085511161,
      version: 2,
      phase: "Immediate",
      processId: 27259,
      errors: [],
      message:
        'With arguments: -projectPath /Users/yan/unity/unity/Tests/EditModeAndPlayModeTests/Camera -cleanTestPrefs -batchmode -logFile /var/folders/8f/zfz56x4n7gqd4qbfmc994brm0000gp/T/qGPL0jRJlj/editor/Tests/EditModeAndPlayModeTests/Camera/UnityLog.txt -testPlatform editmode -testResults /var/folders/8f/zfz56x4n7gqd4qbfmc994brm0000gp/T/qGPL0jRJlj/editor/Tests/EditModeAndPlayModeTests/Camera/TestResults.xml -deviceLogs /var/folders/8f/zfz56x4n7gqd4qbfmc994brm0000gp/T/qGPL0jRJlj/editor/Tests/EditModeAndPlayModeTests/Camera -testSettingsFile /var/folders/8f/zfz56x4n7gqd4qbfmc994brm0000gp/T/qGPL0jRJlj/editor/Tests/EditModeAndPlayModeTests/Camera/TestSettings.json -forgetProjectPath -automated "-forceFullStacktrace Assert" -api-profile NET_Standard_2_0 -crash-report-folder /var/folders/8f/zfz56x4n7gqd4qbfmc994brm0000gp/T/qGPL0jRJlj/editor/Tests/EditModeAndPlayModeTests/Camera/CrashArtifacts -runTests -automated -accept-apiupdate',
      artifacts: [],
      index: 10,
      children: [],
    },
    {
      type: "Info",
      time: 1598085511165,
      version: 2,
      phase: "Immediate",
      processId: 27259,
      errors: [],
      message:
        "Started Unity.Automation.UnityEditorProcess with processid: 27263",
      artifacts: [],
      index: 11,
      children: [],
    },
    {
      type: "ProcessInfo",
      time: 1598085525342,
      phase: "Complete",
      version: 2,
      processId: 27259,
      errors: ["One or more child steps have failed"],
      id: 27263,
      path:
        "/Users/yan/unity/unity/build/MacEditor/Unity.app/Contents/MacOS/Unity",
      arguments:
        '-projectPath /Users/yan/unity/unity/Tests/EditModeAndPlayModeTests/Camera -cleanTestPrefs -batchmode -logFile /var/folders/8f/zfz56x4n7gqd4qbfmc994brm0000gp/T/qGPL0jRJlj/editor/Tests/EditModeAndPlayModeTests/Camera/UnityLog.txt -testPlatform editmode -testResults /var/folders/8f/zfz56x4n7gqd4qbfmc994brm0000gp/T/qGPL0jRJlj/editor/Tests/EditModeAndPlayModeTests/Camera/TestResults.xml -deviceLogs /var/folders/8f/zfz56x4n7gqd4qbfmc994brm0000gp/T/qGPL0jRJlj/editor/Tests/EditModeAndPlayModeTests/Camera -testSettingsFile /var/folders/8f/zfz56x4n7gqd4qbfmc994brm0000gp/T/qGPL0jRJlj/editor/Tests/EditModeAndPlayModeTests/Camera/TestSettings.json -forgetProjectPath -automated "-forceFullStacktrace Assert" -api-profile NET_Standard_2_0 -crash-report-folder /var/folders/8f/zfz56x4n7gqd4qbfmc994brm0000gp/T/qGPL0jRJlj/editor/Tests/EditModeAndPlayModeTests/Camera/CrashArtifacts -runTests -automated -accept-apiupdate',
      logs: [
        "/var/folders/8f/zfz56x4n7gqd4qbfmc994brm0000gp/T/qGPL0jRJlj/editor/Tests/EditModeAndPlayModeTests/Camera/UnityLog.txt",
      ],
      exitCode: 2,
      duration: 14176,
      artifacts: [],
      index: 12,
      children: [
        {
          index: 13,
        },
        {
          index: 14,
        },
        {
          index: 16,
        },
        {
          index: 17,
        },
        {
          index: 18,
        },
        {
          index: 19,
        },
        {
          index: 20,
        },
        {
          index: 21,
        },
        {
          index: 22,
        },
        {
          index: 23,
        },
        {
          index: 24,
        },
        {
          index: 25,
        },
        {
          index: 26,
        },
      ],
    },
    {
      type: "TestPlan",
      time: 1598085518973,
      version: 2,
      phase: "Immediate",
      processId: 27263,
      tests: [
        "CameraRenderingOnValidate.CameraRendering_ShouldNotBeAllowed_DuringOnValidate",
        "OcclusioncullingTests.RemoveCacheFolder_ShouldDelete_OcclusionFolder",
        "SceneViewCameraSettings.CanOverrideDefaultSettings",
        "SceneViewCameraSettings.ResettingSceneViewCameraSettings_SetsToDefault",
        "SceneViewCameraSettings.SettingSpeed_ClampsToSpeedMinMax",
        "SceneViewCameraSettings.SettingSpeed_UpdatesSpeedNormalisedCorrectly",
        "SceneViewCameraSettings.SettingSpeedMinMax_ClampsToAbsoluteSpeedMinMax",
        "SceneViewCameraSettings.SettingSpeedMinMax_MakesSureMinMaxCannotBeTheSame",
        "SceneViewCameraSettings.SettingSpeedNormalised_UpdatesSpeedCorrectly",
        "SceneViewCameraTests.AddScriptToGameCameraAndSelecting_DoesntCrashEditor",
        "SteReplacementShaderTests.UseMaterialWithLocalKeyword_NoErrorMessage",
      ],
      errors: [],
      artifacts: [],
      index: 13,
      children: [],
    },
    {
      type: "TestStatus",
      time: 1598085519056,
      phase: "Complete",
      version: 2,
      processId: 27263,
      errors: [],
      name:
        "CameraRenderingOnValidate.CameraRendering_ShouldNotBeAllowed_DuringOnValidate",
      state: 4,
      fixture: "Tests/EditModeAndPlayModeTests/Camera",
      message: "",
      duration: 14,
      durationMicroseconds: 14491,
      stackTrace: "",
      artifacts: [],
      minimalCommandLine: [
        "--suite=editor",
        "--testfilter=CameraRenderingOnValidate\\.CameraRendering_ShouldNotBeAllowed_DuringOnValidate",
      ],
      index: 14,
      children: [
        {
          index: 15,
        },
      ],
    },
    {
      type: "LogEntry",
      time: 1598085519037,
      version: 2,
      phase: "Immediate",
      processId: 27263,
      severity: "Error",
      message: "Camera rendering during OnValidate is not allowed.",
      stacktrace:
        "UnityEngine.StackTraceUtility:ExtractStackTrace () (at /Users/yan/unity/unity/Runtime/Export/Scripting/StackTrace.cs:37)\nOnValidateCalled_CameraRendering:OnValidate () (at Assets/Editor/CameraRenderingOnValidate.cs:32)\nUnityEngine.GameObject:AddComponent (System.Type) (at /Users/yan/unity/unity/Runtime/Export/Scripting/GameObject.bindings.cs:235)\nUnityEngine.GameObject:AddComponent<OnValidateCalled_CameraRendering> () (at /Users/yan/unity/unity/Runtime/Export/Scripting/GameObject.bindings.cs:240)\nCameraRenderingOnValidate:CameraRendering_ShouldNotBeAllowed_DuringOnValidate () (at Assets/Editor/CameraRenderingOnValidate.cs:18)\nSystem.Reflection.MonoMethod:Invoke (object,System.Reflection.BindingFlags,System.Reflection.Binder,object[],System.Globalization.CultureInfo)\nSystem.Reflection.MethodBase:Invoke (object,object[])\nNUnit.Framework.Internal.Reflect:InvokeMethod (System.Reflection.MethodInfo,object,object[])\nNUnit.Framework.Internal.MethodWrapper:Invoke (object,object[])\nNUnit.Framework.Internal.Commands.TestMethodCommand:RunNonAsyncTestMethod (NUnit.Framework.Internal.ITestExecutionContext)\nNUnit.Framework.Internal.Commands.TestMethodCommand:RunTestMethod (NUnit.Framework.Internal.ITestExecutionContext)\nNUnit.Framework.Internal.Commands.TestMethodCommand:Execute (NUnit.Framework.Internal.ITestExecutionContext)\nUnityEngine.TestRunner.NUnitExtensions.Runner.UnityLogCheckDelegatingCommand/<>c__DisplayClass2_0:<Execute>b__0 () (at Library/PackageCache/com.unity.test-framework@1.1.16/UnityEngine.TestRunner/NUnitExtensions/Runner/UnityLogCheckDelegatingCommand.cs:25)\nUnityEngine.TestRunner.NUnitExtensions.Runner.UnityLogCheckDelegatingCommand:CaptureException (NUnit.Framework.Internal.TestResult,System.Action) (at Library/PackageCache/com.unity.test-framework@1.1.16/UnityEngine.TestRunner/NUnitExtensions/Runner/UnityLogCheckDelegatingCommand.cs:69)\nUnityEngine.TestRunner.NUnitExtensions.Runner.UnityLogCheckDelegatingCommand:ExecuteAndCheckLog (UnityEngine.TestTools.Logging.LogScope,NUnit.Framework.Internal.TestResult,System.Action) (at Library/PackageCache/com.unity.test-framework@1.1.16/UnityEngine.TestRunner/NUnitExtensions/Runner/UnityLogCheckDelegatingCommand.cs:80)\nUnityEngine.TestRunner.NUnitExtensions.Runner.UnityLogCheckDelegatingCommand:Execute (NUnit.Framework.Internal.ITestExecutionContext) (at Library/PackageCache/com.unity.test-framework@1.1.16/UnityEngine.TestRunner/NUnitExtensions/Runner/UnityLogCheckDelegatingCommand.cs:25)\nUnityEngine.TestRunner.NUnitExtensions.Runner.UnityLogCheckDelegatingCommand/<ExecuteEnumerable>d__3:MoveNext () (at Library/PackageCache/com.unity.test-framework@1.1.16/UnityEngine.TestRunner/NUnitExtensions/Runner/UnityLogCheckDelegatingCommand.cs:36)\nUnityEngine.TestTools.BeforeAfterTestCommandBase`1/<ExecuteEnumerable>d__9<NUnit.Framework.ITestAction>:MoveNext () (at Library/PackageCache/com.unity.test-framework@1.1.16/UnityEngine.TestRunner/NUnitExtensions/Commands/BeforeAfterTestCommandBase.cs:114)\nUnityEngine.TestTools.BeforeAfterTestCommandBase`1/<ExecuteEnumerable>d__9<System.Reflection.MethodInfo>:MoveNext () (at Library/PackageCache/com.unity.test-framework@1.1.16/UnityEngine.TestRunner/NUnitExtensions/Commands/BeforeAfterTestCommandBase.cs:114)\nUnityEngine.TestTools.ImmediateEnumerableCommand:Execute (NUnit.Framework.Internal.ITestExecutionContext) (at Library/PackageCache/com.unity.test-framework@1.1.16/UnityEngine.TestRunner/NUnitExtensions/Commands/ImmediateEnumerableCommand.cs:19)\nUnityEngine.TestTools.BeforeAfterTestCommandBase`1/<ExecuteEnumerable>d__9<System.Reflection.MethodInfo>:MoveNext () (at Library/PackageCache/com.unity.test-framework@1.1.16/UnityEngine.TestRunner/NUnitExtensions/Commands/BeforeAfterTestCommandBase.cs:122)\nUnityEngine.TestTools.BeforeAfterTestCommandBase`1/<ExecuteEnumerable>d__9<UnityEngine.TestTools.IOuterUnityTestAction>:MoveNext () (at Library/PackageCache/com.unity.test-framework@1.1.16/UnityEngine.TestRunner/NUnitExtensions/Commands/BeforeAfterTestCommandBase.cs:114)\nUnityEngine.TestRunner.NUnitExtensions.Runner.DefaultTestWorkItem/<PerformWork>d__2:MoveNext () (at Library/PackageCache/com.unity.test-framework@1.1.16/UnityEngine.TestRunner/NUnitExtensions/Runner/DefaultTestWorkItem.cs:52)\nUnityEngine.TestRunner.NUnitExtensions.Runner.CompositeWorkItem/<RunChildren>d__16:MoveNext () (at Library/PackageCache/com.unity.test-framework@1.1.16/UnityEngine.TestRunner/NUnitExtensions/Runner/CompositeWorkItem.cs:200)\nUnityEngine.TestRunner.NUnitExtensions.Runner.CompositeWorkItem/<PerformWork>d__12:MoveNext () (at Library/PackageCache/com.unity.test-framework@1.1.16/UnityEngine.TestRunner/NUnitExtensions/Runner/CompositeWorkItem.cs:76)\nUnityEngine.TestRunner.NUnitExtensions.Runner.CompositeWorkItem/<RunChildren>d__16:MoveNext () (at Library/PackageCache/com.unity.test-framework@1.1.16/UnityEngine.TestRunner/NUnitExtensions/Runner/CompositeWorkItem.cs:200)\nUnityEngine.TestRunner.NUnitExtensions.Runner.CompositeWorkItem/<PerformWork>d__12:MoveNext () (at Library/PackageCache/com.unity.test-framework@1.1.16/UnityEngine.TestRunner/NUnitExtensions/Runner/CompositeWorkItem.cs:76)\nUnityEngine.TestRunner.NUnitExtensions.Runner.CompositeWorkItem/<RunChildren>d__16:MoveNext () (at Library/PackageCache/com.unity.test-framework@1.1.16/UnityEngine.TestRunner/NUnitExtensions/Runner/CompositeWorkItem.cs:200)\nUnityEngine.TestRunner.NUnitExtensions.Runner.CompositeWorkItem/<PerformWork>d__12:MoveNext () (at Library/PackageCache/com.unity.test-framework@1.1.16/UnityEngine.TestRunner/NUnitExtensions/Runner/CompositeWorkItem.cs:76)\nUnityEditor.TestTools.TestRunner.EditModeRunner:MoveNextAndUpdateYieldObject () (at Library/PackageCache/com.unity.test-framework@1.1.16/UnityEditor.TestRunner/TestRunner/EditModeRunner.cs:234)\nUnityEditor.TestTools.TestRunner.EditModeRunner:TestConsumer () (at Library/PackageCache/com.unity.test-framework@1.1.16/UnityEditor.TestRunner/TestRunner/EditModeRunner.cs:267)\nUnityEditor.EditorApplication:Internal_CallUpdateFunctions () (at /Users/yan/unity/unity/Editor/Mono/EditorApplication.cs:326)\n[Assets/Editor/CameraRenderingOnValidate.cs line 32]\n",
      line: 32,
      file: "Assets/Editor/CameraRenderingOnValidate.cs",
      errors: [],
      artifacts: [],
      index: 15,
      children: [],
    },
    {
      type: "TestStatus",
      time: 1598085519214,
      phase: "Complete",
      version: 2,
      processId: 27263,
      errors: [],
      name:
        "OcclusioncullingTests.RemoveCacheFolder_ShouldDelete_OcclusionFolder",
      state: 5,
      fixture: "Tests/EditModeAndPlayModeTests/Camera",
      message:
        "  RemoveCacheFolder doesn't delete the Occlusion folder from library.\n  Expected: False\n  But was:  True\n",
      duration: 111,
      durationMicroseconds: 111433,
      stackTrace:
        "at OcclusioncullingTests.RemoveCacheFolder_ShouldDelete_OcclusionFolder () [0x00034] in /Users/yan/unity/unity/Tests/EditModeAndPlayModeTests/Camera/Assets/Editor/OcclusionCullingTests.cs:27\n",
      artifacts: [
        "images/rendered.png",
        "images/correct.png",
        "images/diff.png",
      ],
      rootCause: true,
      minimalCommandLine: [
        "--suite=editor",
        "--testfilter=OcclusioncullingTests\\.RemoveCacheFolder_ShouldDelete_OcclusionFolder",
      ],
      index: 16,
      children: [],
    },
    {
      type: "TestStatus",
      time: 1598085520509,
      phase: "Complete",
      version: 2,
      processId: 27263,
      errors: [],
      name: "SceneViewCameraSettings.CanOverrideDefaultSettings",
      state: 4,
      fixture: "Tests/EditModeAndPlayModeTests/Camera",
      message: "",
      duration: 1283,
      durationMicroseconds: 1282623,
      stackTrace: "",
      artifacts: [],
      minimalCommandLine: [
        "--suite=editor",
        "--testfilter=SceneViewCameraSettings\\.CanOverrideDefaultSettings",
      ],
      index: 17,
      children: [],
    },
    {
      type: "TestStatus",
      time: 1598085520586,
      phase: "Complete",
      version: 2,
      processId: 27263,
      errors: [],
      name:
        "SceneViewCameraSettings.ResettingSceneViewCameraSettings_SetsToDefault",
      state: 4,
      fixture: "Tests/EditModeAndPlayModeTests/Camera",
      message: "",
      duration: 77,
      durationMicroseconds: 77030,
      stackTrace: "",
      artifacts: [],
      minimalCommandLine: [
        "--suite=editor",
        "--testfilter=SceneViewCameraSettings\\.ResettingSceneViewCameraSettings_SetsToDefault",
      ],
      index: 18,
      children: [],
    },
    {
      type: "TestStatus",
      time: 1598085520604,
      phase: "Complete",
      version: 2,
      processId: 27263,
      errors: [],
      name: "SceneViewCameraSettings.SettingSpeed_ClampsToSpeedMinMax",
      state: 4,
      fixture: "Tests/EditModeAndPlayModeTests/Camera",
      message: "",
      duration: 17,
      durationMicroseconds: 16632,
      stackTrace: "",
      artifacts: [],
      minimalCommandLine: [
        "--suite=editor",
        "--testfilter=SceneViewCameraSettings\\.SettingSpeed_ClampsToSpeedMinMax",
      ],
      index: 19,
      children: [],
    },
    {
      type: "TestStatus",
      time: 1598085520621,
      phase: "Complete",
      version: 2,
      processId: 27263,
      errors: [],
      name:
        "SceneViewCameraSettings.SettingSpeed_UpdatesSpeedNormalisedCorrectly",
      state: 4,
      fixture: "Tests/EditModeAndPlayModeTests/Camera",
      message: "",
      duration: 16,
      durationMicroseconds: 16395,
      stackTrace: "",
      artifacts: [],
      minimalCommandLine: [
        "--suite=editor",
        "--testfilter=SceneViewCameraSettings\\.SettingSpeed_UpdatesSpeedNormalisedCorrectly",
      ],
      index: 20,
      children: [],
    },
    {
      type: "TestStatus",
      time: 1598085520637,
      phase: "Complete",
      version: 2,
      processId: 27263,
      errors: [],
      name:
        "SceneViewCameraSettings.SettingSpeedMinMax_ClampsToAbsoluteSpeedMinMax",
      state: 4,
      fixture: "Tests/EditModeAndPlayModeTests/Camera",
      message: "",
      duration: 16,
      durationMicroseconds: 15635,
      stackTrace: "",
      artifacts: [],
      minimalCommandLine: [
        "--suite=editor",
        "--testfilter=SceneViewCameraSettings\\.SettingSpeedMinMax_ClampsToAbsoluteSpeedMinMax",
      ],
      index: 21,
      children: [],
    },
    {
      type: "TestStatus",
      time: 1598085520654,
      phase: "Complete",
      version: 2,
      processId: 27263,
      errors: [],
      name:
        "SceneViewCameraSettings.SettingSpeedMinMax_MakesSureMinMaxCannotBeTheSame",
      state: 4,
      fixture: "Tests/EditModeAndPlayModeTests/Camera",
      message: "",
      duration: 16,
      durationMicroseconds: 16008,
      stackTrace: "",
      artifacts: [],
      minimalCommandLine: [
        "--suite=editor",
        "--testfilter=SceneViewCameraSettings\\.SettingSpeedMinMax_MakesSureMinMaxCannotBeTheSame",
      ],
      index: 22,
      children: [],
    },
    {
      type: "TestStatus",
      time: 1598085520671,
      phase: "Complete",
      version: 2,
      processId: 27263,
      errors: [],
      name:
        "SceneViewCameraSettings.SettingSpeedNormalised_UpdatesSpeedCorrectly",
      state: 4,
      fixture: "Tests/EditModeAndPlayModeTests/Camera",
      message: "",
      duration: 16,
      durationMicroseconds: 16209,
      stackTrace: "",
      artifacts: [],
      minimalCommandLine: [
        "--suite=editor",
        "--testfilter=SceneViewCameraSettings\\.SettingSpeedNormalised_UpdatesSpeedCorrectly",
      ],
      index: 23,
      children: [],
    },
    {
      type: "TestStatus",
      time: 1598085520699,
      phase: "Complete",
      version: 2,
      processId: 27263,
      errors: [],
      name:
        "SceneViewCameraTests.AddScriptToGameCameraAndSelecting_DoesntCrashEditor",
      state: 4,
      fixture: "Tests/EditModeAndPlayModeTests/Camera",
      message: "",
      duration: 2,
      durationMicroseconds: 2358,
      stackTrace: "",
      artifacts: [],
      minimalCommandLine: [
        "--suite=editor",
        "--testfilter=SceneViewCameraTests\\.AddScriptToGameCameraAndSelecting_DoesntCrashEditor",
      ],
      index: 24,
      children: [],
    },
    {
      type: "TestStatus",
      time: 1598085522042,
      phase: "Complete",
      version: 2,
      processId: 27263,
      errors: [],
      name:
        "SteReplacementShaderTests.UseMaterialWithLocalKeyword_NoErrorMessage",
      state: 4,
      fixture: "Tests/EditModeAndPlayModeTests/Camera",
      message: "",
      duration: 1320,
      durationMicroseconds: 1319979,
      stackTrace: "",
      artifacts: [],
      minimalCommandLine: [
        "--suite=editor",
        "--testfilter=SteReplacementShaderTests\\.UseMaterialWithLocalKeyword_NoErrorMessage",
      ],
      index: 25,
      children: [],
    },
    {
      type: "MemoryLeaks",
      time: 1598085523229,
      version: 2,
      phase: "Immediate",
      processId: 27263,
      allocatedMemory: 107716,
      memoryLabels: [
        {
          Default: -908,
        },
        {
          Thread: 383,
        },
        {
          Manager: 3720,
        },
        {
          Texture: 152,
        },
        {
          GfxDevice: 4800,
        },
        {
          GfxThread: 2016,
        },
        {
          Physics: 209,
        },
        {
          Serialization: 40,
        },
        {
          File: 4237,
        },
        {
          String: 23903,
        },
        {
          DynamicArray: 15265,
        },
        {
          HashMap: 9345,
        },
        {
          Utility: 400,
        },
        {
          Curl: 1056,
        },
        {
          PoolAlloc: 120,
        },
        {
          Sprites: 96,
        },
        {
          GI: 480,
        },
        {
          VR: 1696,
        },
        {
          Secure: 2088,
        },
        {
          Subsystems: 96,
        },
        {
          EditorUtility: 2080,
        },
        {
          AssetDatabase: 5410,
        },
        {
          AssetImporter: 936,
        },
        {
          RestService: 80,
        },
        {
          License: 1408,
        },
        {
          UnityConnect: 26576,
        },
        {
          Collab: 776,
        },
        {
          Licensing: 1256,
        },
      ],
      errors: [],
      artifacts: [],
      index: 26,
      children: [],
    },
    {
      type: "ArtifactPublish",
      time: 1598085525344,
      version: 2,
      phase: "Immediate",
      processId: 27259,
      errors: [],
      destination:
        "../../var/folders/8f/zfz56x4n7gqd4qbfmc994brm0000gp/T/qGPL0jRJlj/editor/Tests/EditModeAndPlayModeTests/Camera/UnityLog.txt",
      artifacts: [],
      index: 27,
      children: [],
    },
    {
      type: "ArtifactPublish",
      time: 1598085525346,
      version: 2,
      phase: "Immediate",
      processId: 27259,
      errors: [],
      destination:
        "../../var/folders/8f/zfz56x4n7gqd4qbfmc994brm0000gp/T/qGPL0jRJlj/editor/Tests/EditModeAndPlayModeTests/Camera/UpmLog.txt",
      artifacts: [],
      index: 28,
      children: [],
    },
    {
      type: "Info",
      time: 1598085525406,
      version: 2,
      phase: "Immediate",
      processId: 27259,
      errors: [],
      message:
        "Writing watchman summary to: /var/folders/8f/zfz56x4n7gqd4qbfmc994brm0000gp/T/qGPL0jRJlj/WatchmanSummary.json",
      artifacts: [],
      index: 29,
      children: [],
    },
  ];